CPUS_PER_TASK=36
(0, 0.0001)
(1, 0.0001045454218332775)
(2, 0.00010929745226297926)
(3, 0.00011426548252135678)
(4, 0.0001194593307117823)
(5, 0.00012488926121184284)
(6, 0.0001305660049583849)
(7, 0.00013650078065460138)
(8, 0.00014270531694106988)
(9, 0.00014919187557455696)
(10, 0.00015597327566039908)
(11, 0.00016306291898634482)
(12, 0.00017047481650792973)
(13, 0.00017822361603772095)
(14, 0.00018632463119315598)
(15, 0.00019479387166018348)
(16, 0.0002036480748325118)
(17, 0.00021290473888899812)
(18, 0.00022258215737454087)
(19, 0.00023269945535282335)
(20, 0.00024327662720234841)
(21, 0.00025433457613046484)
(22, 0.00026589515548347276)
(23, 0.0002779812119344457)
(24, 0.0002906166306341231)
(25, 0.000303826382414102)
(26, 0.00031763657313560944)
(27, 0.0003320744952813899)
(28, 0.00034716868189265597)
(29, 0.00036294896295770645)
(30, 0.0003794465243636403)
(31, 0.0003966939695276775)
(32, 0.00041472538382988374)
(33, 0.00043357640197463074)
(34, 0.00045328427841392465)
(35, 0.0004738879609717651)
(36, 0.0004954281678150493)
(37, 0.0005179474679231213)
(38, 0.0005414903652150063)
(39, 0.0005661033865005833)
(40, 0.0005918351734295041)
(41, 0.0006187365786195839)
(42, 0.0006468607661546321)
(43, 0.0006762633166503308)
(44, 0.0007070023370958016)
(45, 0.0007391385756879357)
(46, 0.0007727355418854315)
(47, 0.0008078596319197871)
(48, 0.0008445802600113034)
(49, 0.0008829699955494092)
(50, 0.0009231047065084005)
(51, 0.0009650637093820456)
(52, 0.001008929925933334)
(53, 0.001054790047069178)
(54, 0.0011027347041638986)
(55, 0.0011528586481700915)
(56, 0.0012052609368708425)
(57, 0.001260045130643335)
(58, 0.0013173194971207458)
(59, 0.0013771972251568922)
(60, 0.0014397966485164655)
(61, 0.0015052414797329307)
(62, 0.001573661054596259)
(63, 0.0016451905877536625)
(64, 0.001719971439928444)
(65, 0.001798151397285087)
(66, 0.001879884963492666)
(67, 0.0019653336650637646)
(68, 0.002054666370572324)
(69, 0.0021480596243813265)
(70, 0.002245697995539774)
(71, 0.002347774442538514)
(72, 0.0024544906946457664)
(73, 0.00256605765057596)
(74, 0.002682695795279727)
(75, 0.0028046356356787867)
(76, 0.002932118156206809)
(77, 0.003065395295056527)
(78, 0.0032047304420742876)
(79, 0.0033503989592860196)
(80, 0.0035026887250833084)
(81, 0.0036619007031449945)
(82, 0.0038283495372186858)
(83, 0.004002364172937598)
(84, 0.004184288507901581)
(85, 0.00437448207130706)
(86, 0.004573320734469056)
(87, 0.00478119745363942)
(88, 0.0049985230465892545)
(89, 0.005225727004490325)
(90, 0.005463258340699902)
(91, 0.0057115864781264345)
(92, 0.005971202176929713)
(93, 0.006242618504389012)
(94, 0.006526371848855732)
(95, 0.006823022979794497)
(96, 0.00713315815600761)
(97, 0.007457390284232995)
(98, 0.0077963601304052365)
(99, 0.008150737585973612)
(100, 0.008521222991779603)
(101, 0.008908548522110215)
(102, 0.009313479631662333)
(103, 0.009736816568277757)
(104, 0.010179395954438435)
(105, 0.010642092440647247)
(106, 0.01112582043396199)
(107, 0.011631535905098548)
(108, 0.012160238277674398)
(109, 0.012712972403326377)
(110, 0.013290830626605705)
(111, 0.013894954943731374)
(112, 0.014526539259467812)
(113, 0.015186831746587274)
(114, 0.015877137312579774)
(115, 0.016598820178485206)
(116, 0.017353306574944546)
(117, 0.018142087560797653)
(118, 0.018966721969798452)
(119, 0.019828839491270712)
(120, 0.020730143890792464)
(121, 0.02167241637727439)
(122, 0.022657519123085803)
(123, 0.023687398944185572)
(124, 0.02476409114753013)
(125, 0.02588972355336268)
(126, 0.027066520700332414)
(127, 0.02829680824175387)
(128, 0.029583017541695216)
(129, 0.030927690479977746)
(130, 0.03233348447558311)
(131, 0.033803177738395654)
(132, 0.03533967475965826)
(133, 0.03694601205199302)
(134, 0.038625364150329654)
(135, 0.040381049885601636)
(136, 0.04221653894360845)
(137, 0.04413545872200529)
(138, 0.0461416014989725)
(139, 0.04823893192773065)
(140, 0.050431594871713586)
(141, 0.052723923595882516)
(142, 0.055120448330370254)
(143, 0.05762590522337935)
(144, 0.06024524570102657)
(145, 0.06298364625263271)
(146, 0.06584651866079415)
(147, 0.06883952069645496)
(148, 0.07196856730011521)
(149, 0.07523984227127159)
(150, 0.07865981048919353)
(151, 0.08223523068918395)
(152, 0.08597316881957624)
(153, 0.0898810120058618)
(154, 0.0939664831495469)
(155, 0.09823765619058944)
(156, 0.10270297206357648)
(157, 0.10737125537917917)
(158, 0.11225173186384854)
(159, 0.11735404659221992)
(160, 0.12268828304825732)
(161, 0.12826498305280598)
(162, 0.13409516759693793)
(163, 0.1401903586222592)
(164, 0.14656260179122527)
(165, 0.15322449029246318)
(166, 0.1601891897281448)
(167, 0.16747046413259822)
(168, 0.17508270317357233)
(169, 0.18304095058991635)
(170, 0.1913609339218691)
(171, 0.20005909559271726)
(172, 0.20915262540324614)
(173, 0.2186594945031982)
(174, 0.22859849090688078)
(175, 0.23898925662310502)
(176, 0.249852326472839)
(177, 0.2612091686712872)
(178, 0.2730822272545943)
(179, 0.2854949664350251)
(180, 0.2984719169722707)
(181, 0.3120387246525302)
(182, 0.326222200971167)
(183, 0.3410503761191085)
(184, 0.3565525543777015)
(185, 0.3727593720314938)
(186, 0.3897028579134014)
(187, 0.4074164967019036)
(188, 0.4259352950953658)
(189, 0.44529585099426555)
(190, 0.4655364258280373)
(191, 0.48669702016948463)
(192, 0.5088194527861789)
(193, 0.5319474432850849)
(194, 0.5561266985137266)
(195, 0.5814050028886544)
(196, 0.6078323128297229)
(197, 0.6354608554868002)
(198, 0.6643452319540293)
(199, 0.6945425251756058)
(200, 0.7261124127563339)
(201, 0.7591172848998984)
(202, 0.7936223677079209)
(203, 0.8296958520834906)
(204, 0.8674090284938915)
(205, 0.9068364278588722)
(206, 0.9480559688428831)
(207, 0.9911491118423571)
(208, 1.0362010199723757)
(209, 1.0833007273708433)
(210, 1.1325413151528128)
(211, 1.1840200953626556)
(212, 1.2378388032876615)
(213, 1.2941037985130786)
(214, 1.352926275115967)
(215, 1.414422481413235)
(216, 1.4787139496981758)
(217, 1.5459277364194786)
(218, 1.6161966732773805)
(219, 1.6896596297332336)
(220, 1.766461787451202)
(221, 1.846754927214515)
(222, 1.9306977288832496)
(223, 2.0184560849864996)
(224, 2.1102034285685964)
(225, 2.2061210759373218)
(226, 2.306398584991511)
(227, 2.411234129836121)
(228, 2.5208348924251283)
(229, 2.635417472006295)
(230, 2.7552083131768765)
(231, 2.8804441533962977)
(232, 3.0113724908401354)
(233, 3.1482520735200925)
(234, 3.2913534106364897)
(235, 3.4409593071738813)
(236, 3.5973654227963534)
(237, 3.7608808561469105)
(238, 3.9318287557057703)
(239, 4.110546958414699)
(240, 4.297388657329601)
(241, 4.492723099620656)
(242, 4.696936316299511)
(243, 4.910431885115724)
(244, 5.133631728129989)
(245, 5.366976945540476)
(246, 5.610928687410038)
(247, 5.865969065017198)
(248, 6.1326021036318)
(249, 6.411354738598309)
(250, 6.7027778566954215)
(251, 7.007447384829753)
(252, 7.3259654282152304)
(253, 7.65896146028768)
(254, 8.007093566705898)
(255, 8.371049745897913)
(256, 8.751549268722469)
(257, 9.149344099933009)
(258, 9.565220384253061)
(259, 10.0)
